Flow report for PanelDisplay
Tue Mar 31 06:39:50 2015
Quartus II 32-bit Version 12.0 Build 263 08/02/2012 Service Pack 2 SJ Web Edition


---------------------
; Table of Contents ;
---------------------
  1. Legal Notice
  2. Flow Summary
  3. Flow Settings
  4. Flow Non-Default Global Settings
  5. Flow Elapsed Time
  6. Flow OS Summary
  7. Flow Log



----------------
; Legal Notice ;
----------------
Copyright (C) 1991-2012 Altera Corporation
Your use of Altera Corporation's design tools, logic functions 
and other software and tools, and its AMPP partner logic 
functions, and any output files from any of the foregoing 
(including device programming or simulation files), and any 
associated documentation or information are expressly subject 
to the terms and conditions of the Altera Program License 
Subscription Agreement, Altera MegaCore Function License 
Agreement, or other applicable license agreement, including, 
without limitation, that your use is for the sole purpose of 
programming logic devices manufactured by Altera and sold by 
Altera or its authorized distributors.  Please refer to the 
applicable agreement for further details.



+------------------------------------------------------------------------------------+
; Flow Summary                                                                       ;
+------------------------------------+-----------------------------------------------+
; Flow Status                        ; Successful - Tue Mar 31 06:39:50 2015         ;
; Quartus II 32-bit Version          ; 12.0 Build 263 08/02/2012 SP 2 SJ Web Edition ;
; Revision Name                      ; PanelDisplay                                  ;
; Top-level Entity Name              ; PanelDisplay                                  ;
; Family                             ; Cyclone II                                    ;
; Device                             ; EP2C20F484C7                                  ;
; Timing Models                      ; Final                                         ;
; Total logic elements               ; 57 / 18,752 ( < 1 % )                         ;
;     Total combinational functions  ; 57 / 18,752 ( < 1 % )                         ;
;     Dedicated logic registers      ; 21 / 18,752 ( < 1 % )                         ;
; Total registers                    ; 21                                            ;
; Total pins                         ; 16 / 315 ( 5 % )                              ;
; Total virtual pins                 ; 0                                             ;
; Total memory bits                  ; 0 / 239,616 ( 0 % )                           ;
; Embedded Multiplier 9-bit elements ; 0 / 52 ( 0 % )                                ;
; Total PLLs                         ; 0 / 4 ( 0 % )                                 ;
+------------------------------------+-----------------------------------------------+


+-----------------------------------------+
; Flow Settings                           ;
+-------------------+---------------------+
; Option            ; Setting             ;
+-------------------+---------------------+
; Start date & time ; 03/31/2015 06:39:36 ;
; Main task         ; Compilation         ;
; Revision Name     ; PanelDisplay        ;
+-------------------+---------------------+


+-------------------------------------------------------------------------------------------------------------------+
; Flow Non-Default Global Settings                                                                                  ;
+-------------------------------------+------------------------------+---------------+-------------+----------------+
; Assignment Name                     ; Value                        ; Default Value ; Entity Name ; Section Id     ;
+-------------------------------------+------------------------------+---------------+-------------+----------------+
; COMPILER_SIGNATURE_ID               ; 136639570723.142777317502240 ; --            ; --          ; --             ;
; EDA_OUTPUT_DATA_FORMAT              ; Vhdl                         ; --            ; --          ; eda_simulation ;
; EDA_SIMULATION_TOOL                 ; ModelSim-Altera (VHDL)       ; <None>        ; --          ; --             ;
; MAX_CORE_JUNCTION_TEMP              ; 85                           ; --            ; --          ; --             ;
; MIN_CORE_JUNCTION_TEMP              ; 0                            ; --            ; --          ; --             ;
; PARTITION_COLOR                     ; 16764057                     ; --            ; --          ; Top            ;
; PARTITION_FITTER_PRESERVATION_LEVEL ; PLACEMENT_AND_ROUTING        ; --            ; --          ; Top            ;
; PARTITION_NETLIST_TYPE              ; SOURCE                       ; --            ; --          ; Top            ;
+-------------------------------------+------------------------------+---------------+-------------+----------------+


+-------------------------------------------------------------------------------------------------------------------------------+
; Flow Elapsed Time                                                                                                             ;
+---------------------------+--------------+-------------------------+---------------------+------------------------------------+
; Module Name               ; Elapsed Time ; Average Processors Used ; Peak Virtual Memory ; Total CPU Time (on all processors) ;
+---------------------------+--------------+-------------------------+---------------------+------------------------------------+
; Analysis & Synthesis      ; 00:00:02     ; 1.0                     ; 337 MB              ; 00:00:02                           ;
; Fitter                    ; 00:00:07     ; 1.0                     ; 392 MB              ; 00:00:06                           ;
; TimeQuest Timing Analyzer ; 00:00:01     ; 1.0                     ; 273 MB              ; 00:00:01                           ;
; Assembler                 ; 00:00:03     ; 1.0                     ; 324 MB              ; 00:00:03                           ;
; EDA Netlist Writer        ; 00:00:00     ; 1.0                     ; 280 MB              ; 00:00:01                           ;
; Total                     ; 00:00:13     ; --                      ; --                  ; 00:00:13                           ;
+---------------------------+--------------+-------------------------+---------------------+------------------------------------+


+----------------------------------------------------------------------------------------+
; Flow OS Summary                                                                        ;
+---------------------------+------------------+-----------+------------+----------------+
; Module Name               ; Machine Hostname ; OS Name   ; OS Version ; Processor type ;
+---------------------------+------------------+-----------+------------+----------------+
; Analysis & Synthesis      ; vlsi-lab-pc-PC   ; Windows 7 ; 6.1        ; x86_64         ;
; Fitter                    ; vlsi-lab-pc-PC   ; Windows 7 ; 6.1        ; x86_64         ;
; TimeQuest Timing Analyzer ; vlsi-lab-pc-PC   ; Windows 7 ; 6.1        ; x86_64         ;
; Assembler                 ; vlsi-lab-pc-PC   ; Windows 7 ; 6.1        ; x86_64         ;
; EDA Netlist Writer        ; vlsi-lab-pc-PC   ; Windows 7 ; 6.1        ; x86_64         ;
+---------------------------+------------------+-----------+------------+----------------+


------------
; Flow Log ;
------------
quartus_map --read_settings_files=on --write_settings_files=off PanelDisplay -c PanelDisplay
quartus_fit --read_settings_files=off --write_settings_files=off PanelDisplay -c PanelDisplay
quartus_sta PanelDisplay -c PanelDisplay
quartus_asm --read_settings_files=off --write_settings_files=off PanelDisplay -c PanelDisplay
quartus_eda --read_settings_files=off --write_settings_files=off PanelDisplay -c PanelDisplay



